Base path: D:/Programs/Unity/Editor/Data
Cmd: getPlatforms
Cmd: preprocess
  insize=8687 outsize=2135 ok=1
Cmd: preprocess
  insize=1137 outsize=433 ok=1
Cmd: preprocess
  insize=9900 outsize=835 ok=1
Cmd: preprocess
  insize=4320 outsize=1045 ok=1
Cmd: preprocess
  insize=1223 outsize=404 ok=1
Cmd: preprocess
  error: 2 plat 18 at (40): Can't find include file frag_ao.cginc
  error: 2 plat 18 at (44): Can't find include file frag_ao.cginc
  error: 2 plat 18 at (48): Can't find include file frag_ao.cginc
  error: 2 plat 18 at (52): Can't find include file frag_ao.cginc
  error: 2 plat 18 at (57): Can't find include file frag_ao.cginc
  insize=6790 outsize=827 ok=0
Cmd: preprocess
  insize=1157 outsize=308 ok=1
Cmd: preprocess
  insize=2328 outsize=648 ok=1
Cmd: preprocess
  insize=6423 outsize=1035 ok=1
Cmd: preprocess
  insize=4990 outsize=1857 ok=1
Cmd: preprocess
  insize=4488 outsize=535 ok=1
Cmd: preprocess
  insize=24902 outsize=4334 ok=1
Cmd: preprocess
  insize=5373 outsize=778 ok=1
Cmd: preprocess
  insize=5974 outsize=1284 ok=1
Cmd: preprocess
  insize=851 outsize=294 ok=1
